<?xml version="1.0" encoding="UTF-8"?>
<!-- Generated by org.testng.reporters.JUnitReportReporter -->
<testsuite hostname="DESKTOP-OODQLTV" failures="0" tests="2" name="com.inetbanking_testcases.LoginTC" time="20.572" errors="0" timestamp="2024-04-21T13:22:17 IST" skipped="0">
  <testcase classname="com.inetbanking_testcases.LoginTC" name="verifyLoginPageTitle" time="9.424"/>
  <testcase classname="com.inetbanking_testcases.LoginTC" name="verifyloginfunctionality" time="11.148"/>
</testsuite> <!-- com.inetbanking_testcases.LoginTC -->
